<?xml version="1.0" encoding="UTF-8"?>
<!-- Generated by org.testng.reporters.JUnitReportReporter -->
<testsuite skipped="0" hostname="DESKTOP-NO5P2B0" name="appleTestCases.TestCase" tests="3" failures="0" timestamp="2021-06-13T14:42:18 IST" time="70.188" errors="0">
  <testcase name="LoginTest" time="12.944" classname="appleTestCases.TestCase"/>
  <system-out/>
  <testcase name="navigateToPage" time="23.120" classname="appleTestCases.TestCase"/>
  <system-out/>
  <testcase name="chooseProduct" time="34.124" classname="appleTestCases.TestCase"/>
  <system-out/>
</testsuite> <!-- appleTestCases.TestCase -->
